<?xml version="1.0" encoding="UTF-8"?>
<!-- Generated by org.testng.reporters.JUnitXMLReporter -->
<testsuite hostname="zoro" name="Default test" tests="45" failures="0" timestamp="20 Sep 2015 15:28:16 GMT" time="2.593" errors="0">
  <testcase name="compilingCode_throwsFunctionAlreadyDefinedException_whenDefiningFunctionTwice" time="0.079" classname="br.com.compiler.compiler.CompilerTest"/>
  <testcase name="compilingCode_throwsUndeclaredVariableException_ifReadingUndefinedVariable" time="0.006" classname="br.com.compiler.compiler.CompilerTest"/>
  <testcase name="compilingCode_throwsUndeclaredVariableException_ifWritingUndefinedVariable" time="0.001" classname="br.com.compiler.compiler.CompilerTest"/>
  <testcase name="compilingCode_throwsUndefinedFunctionException_whenCallingUndefinedFunction" time="0.002" classname="br.com.compiler.compiler.CompilerTest"/>
  <testcase name="compilingCode_throwsVariableAlreadyDefinedException_whenDefiningAlreadyDefinedVariable" time="0.001" classname="br.com.compiler.compiler.CompilerTest"/>
  <testcase name="runningCode_outputsExpectedText" time="0.093" classname="br.com.compiler.compiler.CompilerTest"/>
  <testcase name="runningCode_outputsExpectedText" time="0.049" classname="br.com.compiler.compiler.CompilerTest"/>
  <testcase name="runningCode_outputsExpectedText" time="0.067" classname="br.com.compiler.compiler.CompilerTest"/>
  <testcase name="runningCode_outputsExpectedText" time="0.078" classname="br.com.compiler.compiler.CompilerTest"/>
  <testcase name="runningCode_outputsExpectedText" time="0.069" classname="br.com.compiler.compiler.CompilerTest"/>
  <testcase name="runningCode_outputsExpectedText" time="0.057" classname="br.com.compiler.compiler.CompilerTest"/>
  <testcase name="runningCode_outputsExpectedText" time="0.05" classname="br.com.compiler.compiler.CompilerTest"/>
  <testcase name="runningCode_outputsExpectedText" time="0.048" classname="br.com.compiler.compiler.CompilerTest"/>
  <testcase name="runningCode_outputsExpectedText" time="0.049" classname="br.com.compiler.compiler.CompilerTest"/>
  <testcase name="runningCode_outputsExpectedText" time="0.047" classname="br.com.compiler.compiler.CompilerTest"/>
  <testcase name="runningCode_outputsExpectedText" time="0.049" classname="br.com.compiler.compiler.CompilerTest"/>
  <testcase name="runningCode_outputsExpectedText" time="0.048" classname="br.com.compiler.compiler.CompilerTest"/>
  <testcase name="runningCode_outputsExpectedText" time="0.051" classname="br.com.compiler.compiler.CompilerTest"/>
  <testcase name="runningCode_outputsExpectedText" time="0.05" classname="br.com.compiler.compiler.CompilerTest"/>
  <testcase name="runningCode_outputsExpectedText" time="0.067" classname="br.com.compiler.compiler.CompilerTest"/>
  <testcase name="runningCode_outputsExpectedText" time="0.053" classname="br.com.compiler.compiler.CompilerTest"/>
  <testcase name="runningCode_outputsExpectedText" time="0.051" classname="br.com.compiler.compiler.CompilerTest"/>
  <testcase name="runningCode_outputsExpectedText" time="0.051" classname="br.com.compiler.compiler.CompilerTest"/>
  <testcase name="runningCode_outputsExpectedText" time="0.052" classname="br.com.compiler.compiler.CompilerTest"/>
  <testcase name="runningCode_outputsExpectedText" time="0.049" classname="br.com.compiler.compiler.CompilerTest"/>
  <testcase name="runningCode_outputsExpectedText" time="0.052" classname="br.com.compiler.compiler.CompilerTest"/>
  <testcase name="runningCode_outputsExpectedText" time="0.074" classname="br.com.compiler.compiler.CompilerTest"/>
  <testcase name="runningCode_outputsExpectedText" time="0.066" classname="br.com.compiler.compiler.CompilerTest"/>
  <testcase name="runningCode_outputsExpectedText" time="0.051" classname="br.com.compiler.compiler.CompilerTest"/>
  <testcase name="runningCode_outputsExpectedText" time="0.079" classname="br.com.compiler.compiler.CompilerTest"/>
  <testcase name="runningCode_outputsExpectedText" time="0.049" classname="br.com.compiler.compiler.CompilerTest"/>
  <testcase name="runningCode_outputsExpectedText" time="0.054" classname="br.com.compiler.compiler.CompilerTest"/>
  <testcase name="runningCode_outputsExpectedText" time="0.057" classname="br.com.compiler.compiler.CompilerTest"/>
  <testcase name="runningCode_outputsExpectedText" time="0.054" classname="br.com.compiler.compiler.CompilerTest"/>
  <testcase name="runningCode_outputsExpectedText" time="0.061" classname="br.com.compiler.compiler.CompilerTest"/>
  <testcase name="runningCode_outputsExpectedText" time="0.078" classname="br.com.compiler.compiler.CompilerTest"/>
  <testcase name="runningCode_outputsExpectedText" time="0.068" classname="br.com.compiler.compiler.CompilerTest"/>
  <testcase name="runningCode_outputsExpectedText" time="0.058" classname="br.com.compiler.compiler.CompilerTest"/>
  <testcase name="runningCode_outputsExpectedText" time="0.061" classname="br.com.compiler.compiler.CompilerTest"/>
  <testcase name="runningCode_outputsExpectedText" time="0.056" classname="br.com.compiler.compiler.CompilerTest"/>
  <testcase name="runningCode_outputsExpectedText" time="0.06" classname="br.com.compiler.compiler.CompilerTest"/>
  <testcase name="runningCode_outputsExpectedText" time="0.068" classname="br.com.compiler.compiler.CompilerTest"/>
  <testcase name="runningCode_outputsExpectedText" time="0.06" classname="br.com.compiler.compiler.CompilerTest"/>
  <testcase name="runningCode_outputsExpectedText" time="0.08" classname="br.com.compiler.compiler.CompilerTest"/>
  <testcase name="runningCode_outputsExpectedText" time="0.054" classname="br.com.compiler.compiler.CompilerTest"/>
</testsuite> <!-- Default test -->
